<?xml version="1.0" encoding="UTF-8"?>
<!-- Generated by org.testng.reporters.JUnitReportReporter -->
<testsuite hostname="DESKTOP-U42HRFD" failures="0" tests="1" name="BasePackage.TestRunner" time="26.728" errors="0" timestamp="2024-05-23T14:25:56 IST" skipped="0">
  <testcase classname="BasePackage.TestRunner" name="runScenario" time="26.728"/>
</testsuite> <!-- BasePackage.TestRunner -->
