<?xml version="1.0" encoding="UTF-8"?>
<!-- Generated by org.testng.reporters.JUnitReportReporter -->
<testsuite hostname="DESKTOP-U42HRFD" failures="0" tests="3" name="BasePackage.TestRunner" time="42.072" errors="0" timestamp="2024-04-19T14:28:55 IST" skipped="0">
  <testcase classname="BasePackage.TestRunner" name="runScenario" time="21.236"/>
  <testcase classname="BasePackage.TestRunner" name="runScenario" time="0.025"/>
  <testcase classname="BasePackage.TestRunner" name="runScenario" time="20.811"/>
</testsuite> <!-- BasePackage.TestRunner -->
