<?xml version="1.0" encoding="UTF-8"?>
<testsuite xmlns:xsi="http://www.w3.org/2001/XMLSchema-instance" xsi:noNamespaceSchemaLocation="https://maven.apache.org/surefire/maven-surefire-plugin/xsd/surefire-test-report-3.0.xsd" version="3.0" name="BasePackage.TestRunner" time="1.138" tests="3" errors="0" skipped="0" failures="0">
  <properties>
    <property name="java.specification.version" value="22"/>
    <property name="sun.cpu.isalist" value="amd64"/>
    <property name="sun.jnu.encoding" value="Cp1252"/>
    <property name="java.class.path" value="C:\Users\Divum\eclipse-workspace\TechSketonProj-1\target\test-classes;C:\Users\Divum\eclipse-workspace\TechSketonProj-1\target\classes;C:\Users\Divum\.m2\repository\io\cucumber\cucumber-java\7.16.1\cucumber-java-7.16.1.jar;C:\Users\Divum\.m2\repository\org\apiguardian\apiguardian-api\1.1.2\apiguardian-api-1.1.2.jar;C:\Users\Divum\.m2\repository\io\cucumber\cucumber-core\7.16.1\cucumber-core-7.16.1.jar;C:\Users\Divum\.m2\repository\io\cucumber\cucumber-gherkin\7.16.1\cucumber-gherkin-7.16.1.jar;C:\Users\Divum\.m2\repository\io\cucumber\cucumber-gherkin-messages\7.16.1\cucumber-gherkin-messages-7.16.1.jar;C:\Users\Divum\.m2\repository\io\cucumber\gherkin\28.0.0\gherkin-28.0.0.jar;C:\Users\Divum\.m2\repository\io\cucumber\messages\24.1.0\messages-24.1.0.jar;C:\Users\Divum\.m2\repository\io\cucumber\tag-expressions\6.1.0\tag-expressions-6.1.0.jar;C:\Users\Divum\.m2\repository\io\cucumber\cucumber-expressions\17.1.0\cucumber-expressions-17.1.0.jar;C:\Users\Divum\.m2\repository\io\cucumber\datatable\7.16.1\datatable-7.16.1.jar;C:\Users\Divum\.m2\repository\io\cucumber\cucumber-plugin\7.16.1\cucumber-plugin-7.16.1.jar;C:\Users\Divum\.m2\repository\io\cucumber\docstring\7.16.1\docstring-7.16.1.jar;C:\Users\Divum\.m2\repository\io\cucumber\html-formatter\21.3.0\html-formatter-21.3.0.jar;C:\Users\Divum\.m2\repository\io\cucumber\junit-xml-formatter\0.3.0\junit-xml-formatter-0.3.0.jar;C:\Users\Divum\.m2\repository\io\cucumber\ci-environment\10.0.1\ci-environment-10.0.1.jar;C:\Users\Divum\.m2\repository\io\cucumber\cucumber-junit\7.16.1\cucumber-junit-7.16.1.jar;C:\Users\Divum\.m2\repository\junit\junit\4.13.2\junit-4.13.2.jar;C:\Users\Divum\.m2\repository\org\hamcrest\hamcrest-core\1.3\hamcrest-core-1.3.jar;C:\Users\Divum\.m2\repository\mysql\mysql-connector-java\8.0.16\mysql-connector-java-8.0.16.jar;C:\Users\Divum\.m2\repository\com\google\protobuf\protobuf-java\3.6.1\protobuf-java-3.6.1.jar;C:\Users\Divum\.m2\repository\org\seleniumhq\selenium\selenium-java\3.141.59\selenium-java-3.141.59.jar;C:\Users\Divum\.m2\repository\org\seleniumhq\selenium\selenium-api\3.141.59\selenium-api-3.141.59.jar;C:\Users\Divum\.m2\repository\org\seleniumhq\selenium\selenium-chrome-driver\3.141.59\selenium-chrome-driver-3.141.59.jar;C:\Users\Divum\.m2\repository\org\seleniumhq\selenium\selenium-edge-driver\3.141.59\selenium-edge-driver-3.141.59.jar;C:\Users\Divum\.m2\repository\org\seleniumhq\selenium\selenium-firefox-driver\3.141.59\selenium-firefox-driver-3.141.59.jar;C:\Users\Divum\.m2\repository\org\seleniumhq\selenium\selenium-ie-driver\3.141.59\selenium-ie-driver-3.141.59.jar;C:\Users\Divum\.m2\repository\org\seleniumhq\selenium\selenium-opera-driver\3.141.59\selenium-opera-driver-3.141.59.jar;C:\Users\Divum\.m2\repository\org\seleniumhq\selenium\selenium-remote-driver\3.141.59\selenium-remote-driver-3.141.59.jar;C:\Users\Divum\.m2\repository\org\seleniumhq\selenium\selenium-safari-driver\3.141.59\selenium-safari-driver-3.141.59.jar;C:\Users\Divum\.m2\repository\org\seleniumhq\selenium\selenium-support\3.141.59\selenium-support-3.141.59.jar;C:\Users\Divum\.m2\repository\net\bytebuddy\byte-buddy\1.8.15\byte-buddy-1.8.15.jar;C:\Users\Divum\.m2\repository\org\apache\commons\commons-exec\1.3\commons-exec-1.3.jar;C:\Users\Divum\.m2\repository\com\google\guava\guava\25.0-jre\guava-25.0-jre.jar;C:\Users\Divum\.m2\repository\com\google\code\findbugs\jsr305\1.3.9\jsr305-1.3.9.jar;C:\Users\Divum\.m2\repository\org\checkerframework\checker-compat-qual\2.0.0\checker-compat-qual-2.0.0.jar;C:\Users\Divum\.m2\repository\com\google\errorprone\error_prone_annotations\2.1.3\error_prone_annotations-2.1.3.jar;C:\Users\Divum\.m2\repository\com\google\j2objc\j2objc-annotations\1.1\j2objc-annotations-1.1.jar;C:\Users\Divum\.m2\repository\org\codehaus\mojo\animal-sniffer-annotations\1.14\animal-sniffer-annotations-1.14.jar;C:\Users\Divum\.m2\repository\com\squareup\okhttp3\okhttp\3.11.0\okhttp-3.11.0.jar;C:\Users\Divum\.m2\repository\com\squareup\okio\okio\1.14.0\okio-1.14.0.jar;"/>
    <property name="java.vm.vendor" value="Oracle Corporation"/>
    <property name="sun.arch.data.model" value="64"/>
    <property name="user.variant" value=""/>
    <property name="java.vendor.url" value="https://java.oracle.com/"/>
    <property name="user.timezone" value="Asia/Calcutta"/>
    <property name="os.name" value="Windows 10"/>
    <property name="java.vm.specification.version" value="22"/>
    <property name="sun.java.launcher" value="SUN_STANDARD"/>
    <property name="user.country" value="IN"/>
    <property name="sun.boot.library.path" value="C:\Program Files\Java\jdk-22\bin"/>
    <property name="sun.java.command" value="C:\Users\Divum\AppData\Local\Temp\surefire16099159302681542522\surefirebooter-20240417055618544_3.jar C:\Users\Divum\AppData\Local\Temp\surefire16099159302681542522 2024-04-17T05-56-17_680-jvmRun1 surefire-20240417055618544_1tmp surefire_0-20240417055618544_2tmp"/>
    <property name="jdk.debug" value="release"/>
    <property name="surefire.test.class.path" value="C:\Users\Divum\eclipse-workspace\TechSketonProj-1\target\test-classes;C:\Users\Divum\eclipse-workspace\TechSketonProj-1\target\classes;C:\Users\Divum\.m2\repository\io\cucumber\cucumber-java\7.16.1\cucumber-java-7.16.1.jar;C:\Users\Divum\.m2\repository\org\apiguardian\apiguardian-api\1.1.2\apiguardian-api-1.1.2.jar;C:\Users\Divum\.m2\repository\io\cucumber\cucumber-core\7.16.1\cucumber-core-7.16.1.jar;C:\Users\Divum\.m2\repository\io\cucumber\cucumber-gherkin\7.16.1\cucumber-gherkin-7.16.1.jar;C:\Users\Divum\.m2\repository\io\cucumber\cucumber-gherkin-messages\7.16.1\cucumber-gherkin-messages-7.16.1.jar;C:\Users\Divum\.m2\repository\io\cucumber\gherkin\28.0.0\gherkin-28.0.0.jar;C:\Users\Divum\.m2\repository\io\cucumber\messages\24.1.0\messages-24.1.0.jar;C:\Users\Divum\.m2\repository\io\cucumber\tag-expressions\6.1.0\tag-expressions-6.1.0.jar;C:\Users\Divum\.m2\repository\io\cucumber\cucumber-expressions\17.1.0\cucumber-expressions-17.1.0.jar;C:\Users\Divum\.m2\repository\io\cucumber\datatable\7.16.1\datatable-7.16.1.jar;C:\Users\Divum\.m2\repository\io\cucumber\cucumber-plugin\7.16.1\cucumber-plugin-7.16.1.jar;C:\Users\Divum\.m2\repository\io\cucumber\docstring\7.16.1\docstring-7.16.1.jar;C:\Users\Divum\.m2\repository\io\cucumber\html-formatter\21.3.0\html-formatter-21.3.0.jar;C:\Users\Divum\.m2\repository\io\cucumber\junit-xml-formatter\0.3.0\junit-xml-formatter-0.3.0.jar;C:\Users\Divum\.m2\repository\io\cucumber\ci-environment\10.0.1\ci-environment-10.0.1.jar;C:\Users\Divum\.m2\repository\io\cucumber\cucumber-junit\7.16.1\cucumber-junit-7.16.1.jar;C:\Users\Divum\.m2\repository\junit\junit\4.13.2\junit-4.13.2.jar;C:\Users\Divum\.m2\repository\org\hamcrest\hamcrest-core\1.3\hamcrest-core-1.3.jar;C:\Users\Divum\.m2\repository\mysql\mysql-connector-java\8.0.16\mysql-connector-java-8.0.16.jar;C:\Users\Divum\.m2\repository\com\google\protobuf\protobuf-java\3.6.1\protobuf-java-3.6.1.jar;C:\Users\Divum\.m2\repository\org\seleniumhq\selenium\selenium-java\3.141.59\selenium-java-3.141.59.jar;C:\Users\Divum\.m2\repository\org\seleniumhq\selenium\selenium-api\3.141.59\selenium-api-3.141.59.jar;C:\Users\Divum\.m2\repository\org\seleniumhq\selenium\selenium-chrome-driver\3.141.59\selenium-chrome-driver-3.141.59.jar;C:\Users\Divum\.m2\repository\org\seleniumhq\selenium\selenium-edge-driver\3.141.59\selenium-edge-driver-3.141.59.jar;C:\Users\Divum\.m2\repository\org\seleniumhq\selenium\selenium-firefox-driver\3.141.59\selenium-firefox-driver-3.141.59.jar;C:\Users\Divum\.m2\repository\org\seleniumhq\selenium\selenium-ie-driver\3.141.59\selenium-ie-driver-3.141.59.jar;C:\Users\Divum\.m2\repository\org\seleniumhq\selenium\selenium-opera-driver\3.141.59\selenium-opera-driver-3.141.59.jar;C:\Users\Divum\.m2\repository\org\seleniumhq\selenium\selenium-remote-driver\3.141.59\selenium-remote-driver-3.141.59.jar;C:\Users\Divum\.m2\repository\org\seleniumhq\selenium\selenium-safari-driver\3.141.59\selenium-safari-driver-3.141.59.jar;C:\Users\Divum\.m2\repository\org\seleniumhq\selenium\selenium-support\3.141.59\selenium-support-3.141.59.jar;C:\Users\Divum\.m2\repository\net\bytebuddy\byte-buddy\1.8.15\byte-buddy-1.8.15.jar;C:\Users\Divum\.m2\repository\org\apache\commons\commons-exec\1.3\commons-exec-1.3.jar;C:\Users\Divum\.m2\repository\com\google\guava\guava\25.0-jre\guava-25.0-jre.jar;C:\Users\Divum\.m2\repository\com\google\code\findbugs\jsr305\1.3.9\jsr305-1.3.9.jar;C:\Users\Divum\.m2\repository\org\checkerframework\checker-compat-qual\2.0.0\checker-compat-qual-2.0.0.jar;C:\Users\Divum\.m2\repository\com\google\errorprone\error_prone_annotations\2.1.3\error_prone_annotations-2.1.3.jar;C:\Users\Divum\.m2\repository\com\google\j2objc\j2objc-annotations\1.1\j2objc-annotations-1.1.jar;C:\Users\Divum\.m2\repository\org\codehaus\mojo\animal-sniffer-annotations\1.14\animal-sniffer-annotations-1.14.jar;C:\Users\Divum\.m2\repository\com\squareup\okhttp3\okhttp\3.11.0\okhttp-3.11.0.jar;C:\Users\Divum\.m2\repository\com\squareup\okio\okio\1.14.0\okio-1.14.0.jar;"/>
    <property name="sun.cpu.endian" value="little"/>
    <property name="user.home" value="C:\Users\Divum"/>
    <property name="user.language" value="en"/>
    <property name="java.specification.vendor" value="Oracle Corporation"/>
    <property name="java.version.date" value="2024-04-16"/>
    <property name="java.home" value="C:\Program Files\Java\jdk-22"/>
    <property name="file.separator" value="\"/>
    <property name="basedir" value="C:\Users\Divum\eclipse-workspace\TechSketonProj-1"/>
    <property name="java.vm.compressedOopsMode" value="Zero based"/>
    <property name="line.separator" value="&#10;"/>
    <property name="java.vm.specification.vendor" value="Oracle Corporation"/>
    <property name="java.specification.name" value="Java Platform API Specification"/>
    <property name="surefire.real.class.path" value="C:\Users\Divum\AppData\Local\Temp\surefire16099159302681542522\surefirebooter-20240417055618544_3.jar"/>
    <property name="user.script" value=""/>
    <property name="sun.management.compiler" value="HotSpot 64-Bit Tiered Compilers"/>
    <property name="java.runtime.version" value="22.0.1+8-16"/>
    <property name="user.name" value="Divum"/>
    <property name="stdout.encoding" value="Cp1252"/>
    <property name="path.separator" value=";"/>
    <property name="os.version" value="10.0"/>
    <property name="java.runtime.name" value="Java(TM) SE Runtime Environment"/>
    <property name="file.encoding" value="UTF-8"/>
    <property name="java.vm.name" value="Java HotSpot(TM) 64-Bit Server VM"/>
    <property name="localRepository" value="C:\Users\Divum\.m2\repository"/>
    <property name="java.vendor.url.bug" value="https://bugreport.java.com/bugreport/"/>
    <property name="java.io.tmpdir" value="C:\Users\Divum\AppData\Local\Temp\"/>
    <property name="java.version" value="22.0.1"/>
    <property name="user.dir" value="C:\Users\Divum\eclipse-workspace\TechSketonProj-1"/>
    <property name="os.arch" value="amd64"/>
    <property name="java.vm.specification.name" value="Java Virtual Machine Specification"/>
    <property name="sun.os.patch.level" value=""/>
    <property name="native.encoding" value="Cp1252"/>
    <property name="java.library.path" value="C:\Program Files\Java\jdk-22\bin;C:\WINDOWS\Sun\Java\bin;C:\WINDOWS\system32;C:\WINDOWS;C:\Program Files\Common Files\Oracle\Java\javapath;C:\WINDOWS\system32;C:\WINDOWS;C:\WINDOWS\System32\Wbem;C:\WINDOWS\System32\WindowsPowerShell\v1.0\;C:\WINDOWS\System32\OpenSSH\;C:\Program Files\Java\jdk-22\bin;C:\apache-maven-3.9.6\bin;C:\Users\Divum\AppData\Local\Microsoft\WindowsApps;."/>
    <property name="java.vm.info" value="mixed mode, sharing"/>
    <property name="stderr.encoding" value="Cp1252"/>
    <property name="java.vendor" value="Oracle Corporation"/>
    <property name="java.vm.version" value="22.0.1+8-16"/>
    <property name="sun.io.unicode.encoding" value="UnicodeLittle"/>
    <property name="java.class.version" value="66.0"/>
  </properties>
  <testcase name="Verify that registired user login to respective portal with valid credentials #1" classname="User Login" time="0.102">
    <system-out><![CDATA[
Scenario Outline: Verify that registired user login to respective portal with valid credentials &amp#27;[90m# src/test/resources/features/BaseLoginPage.feature:14&amp#27;[0m
This begining ScenarioVerify that registired user login to respective portal with valid credentials
Output1
  &amp#27;[32mGiven &amp#27;[0m&amp#27;[32muser is in the login page&amp#27;[0m                                                               &amp#27;[90m# StepDefinition.BaseLoginPage.user_is_in_the_login_page()&amp#27;[0m
Output2
  &amp#27;[32mWhen &amp#27;[0m&amp#27;[32muser enter the valid username &amp#27;[0m&amp#27;[32m&amp#27;[1mswathi@divum.in&amp#27;[0m                                            &amp#27;[90m# StepDefinition.BaseLoginPage.user_enter_the_valid_username(java.lang.String)&amp#27;[0m
Output3
  &amp#27;[32mAnd &amp#27;[0m&amp#27;[32mclick on login button&amp#27;[0m                                                                     &amp#27;[90m# StepDefinition.BaseLoginPage.click_on_login_button()&amp#27;[0m
Output4
  &amp#27;[32mAnd &amp#27;[0m&amp#27;[32menter the valid password &amp#27;[0m&amp#27;[32m&amp#27;[1mTest@12345&amp#27;[0m                                                       &amp#27;[90m# StepDefinition.BaseLoginPage.enter_the_valid_password(java.lang.String)&amp#27;[0m
Output3
  &amp#27;[32mAnd &amp#27;[0m&amp#27;[32mclick on login button&amp#27;[0m                                                                     &amp#27;[90m# StepDefinition.BaseLoginPage.click_on_login_button()&amp#27;[0m
Output6
  &amp#27;[32mThen &amp#27;[0m&amp#27;[32muser should lands on the Dashboard page&amp#27;[0m                                                  &amp#27;[90m# StepDefinition.BaseLoginPage.user_should_lands_on_the_dashboard_page()&amp#27;[0m
This Ending ScenarioVerify that registired user login to respective portal with valid credentials
]]></system-out>
  </testcase>
  <testcase name="Verify that registired user login to respective portal with valid credentials #2" classname="User Login" time="0.012">
    <system-out><![CDATA[
Scenario Outline: Verify that registired user login to respective portal with valid credentials &amp#27;[90m# src/test/resources/features/BaseLoginPage.feature:15&amp#27;[0m
This begining ScenarioVerify that registired user login to respective portal with valid credentials
Output1
  &amp#27;[32mGiven &amp#27;[0m&amp#27;[32muser is in the login page&amp#27;[0m                                                               &amp#27;[90m# StepDefinition.BaseLoginPage.user_is_in_the_login_page()&amp#27;[0m
Output2
  &amp#27;[32mWhen &amp#27;[0m&amp#27;[32muser enter the valid username &amp#27;[0m&amp#27;[32m&amp#27;[1msellerdevms@gmail.com&amp#27;[0m                                      &amp#27;[90m# StepDefinition.BaseLoginPage.user_enter_the_valid_username(java.lang.String)&amp#27;[0m
Output3
  &amp#27;[32mAnd &amp#27;[0m&amp#27;[32mclick on login button&amp#27;[0m                                                                     &amp#27;[90m# StepDefinition.BaseLoginPage.click_on_login_button()&amp#27;[0m
Output4
  &amp#27;[32mAnd &amp#27;[0m&amp#27;[32menter the valid password &amp#27;[0m&amp#27;[32m&amp#27;[1mTest@12345&amp#27;[0m                                                       &amp#27;[90m# StepDefinition.BaseLoginPage.enter_the_valid_password(java.lang.String)&amp#27;[0m
Output3
  &amp#27;[32mAnd &amp#27;[0m&amp#27;[32mclick on login button&amp#27;[0m                                                                     &amp#27;[90m# StepDefinition.BaseLoginPage.click_on_login_button()&amp#27;[0m
Output6
  &amp#27;[32mThen &amp#27;[0m&amp#27;[32muser should lands on the Dashboard page&amp#27;[0m                                                  &amp#27;[90m# StepDefinition.BaseLoginPage.user_should_lands_on_the_dashboard_page()&amp#27;[0m
This Ending ScenarioVerify that registired user login to respective portal with valid credentials
]]></system-out>
  </testcase>
  <testcase name="verify the that user basic details" classname="User registration Form" time="0.022">
    <system-out><![CDATA[
Scenario Outline: verify the that user basic details          &amp#27;[90m# src/test/resources/features/UserRegistrationForm.feature:5&amp#27;[0m
This begining Scenarioverify the that user basic details
Prakash
H N
8722000134
Prakash@gmail.com
  &amp#27;[32mWhen &amp#27;[0m&amp#27;[32muser enter the all valid data to the respective fields&amp#27;[0m &amp#27;[90m# StepDefinition.UserRegistrationForm.user_enter_the_all_valid_data_to_the_respective_field(io.cucumber.datatable.DataTable)&amp#27;[0m
    | FirstName   | Prakash           |
    | LastName    | H N               |
    | PhoneNumber | 8722000134        |
    | Mail Id     | Prakash@gmail.com |
User clicked Continue button
  &amp#27;[32mAnd &amp#27;[0m&amp#27;[32muser click on the continue button&amp#27;[0m                       &amp#27;[90m# StepDefinition.UserRegistrationForm.user_click_on_the_continue_button()&amp#27;[0m
User registered successfully basic details page
  &amp#27;[32mThen &amp#27;[0m&amp#27;[32muser should registered basic details successfully&amp#27;[0m      &amp#27;[90m# StepDefinition.UserRegistrationForm.user_should_login_successfully()&amp#27;[0m
This Ending Scenarioverify the that user basic details
]]></system-out>
  </testcase>
</testsuite>